TN:
SF:src/diagnostic.ts
FN:7,Diagnostic
FN:11,get message
FN:15,get help
FN:19,get functionName
FN:27,get code
FN:31,get url
FN:35,get snippets
FN:39,get fileAndLineNumber
FN:49,get source
FN:57,get severity
FNF:10
FNH:9
FNDA:5,Diagnostic
FNDA:5,get message
FNDA:10,get help
FNDA:5,get functionName
FNDA:0,get code
FNDA:9,get url
FNDA:22,get snippets
FNDA:5,get fileAndLineNumber
FNDA:5,get source
FNDA:20,get severity
DA:1,1
DA:2,1
DA:3,1
DA:4,1
DA:5,1
DA:6,1
DA:7,1
DA:8,5
DA:9,5
DA:10,1
DA:11,1
DA:12,5
DA:13,5
DA:14,1
DA:15,1
DA:16,10
DA:17,10
DA:18,1
DA:19,1
DA:20,5
DA:21,0
DA:22,0
DA:23,0
DA:24,0
DA:25,0
DA:26,1
DA:27,1
DA:28,0
DA:29,0
DA:30,1
DA:31,1
DA:32,9
DA:33,9
DA:34,1
DA:35,1
DA:36,22
DA:37,22
DA:38,1
DA:39,1
DA:40,5
DA:41,5
DA:42,5
DA:43,5
DA:44,5
DA:45,5
DA:46,5
DA:47,5
DA:48,1
DA:49,1
DA:50,5
DA:51,5
DA:52,5
DA:53,5
DA:54,5
DA:55,5
DA:56,1
DA:57,1
DA:58,20
DA:59,20
DA:60,1
LF:60
LH:53
BRDA:7,0,0,5
BRDA:11,1,0,5
BRDA:12,2,0,0
BRDA:12,3,0,2
BRDA:15,4,0,10
BRDA:16,5,0,0
BRDA:19,6,0,5
BRDA:21,7,0,0
BRDA:31,8,0,9
BRDA:32,9,0,0
BRDA:35,10,0,22
BRDA:39,11,0,5
BRDA:43,12,0,0
BRDA:49,13,0,5
BRDA:53,14,0,0
BRDA:57,15,0,20
BRF:16
BRH:10
end_of_record
TN:
SF:src/miette.ts
FN:6,isUnicodeSupported
FN:44,miette
FN:72,MietteError
FNF:3
FNH:3
FNDA:2,isUnicodeSupported
FNDA:1,miette
FNDA:1,MietteError
DA:1,1
DA:2,1
DA:3,1
DA:4,1
DA:5,1
DA:6,2
DA:7,2
DA:8,2
DA:9,2
DA:10,0
DA:11,0
DA:12,0
DA:13,2
DA:14,2
DA:15,2
DA:16,2
DA:17,0
DA:18,2
DA:19,2
DA:20,1
DA:21,1
DA:22,1
DA:23,1
DA:24,1
DA:25,1
DA:26,1
DA:27,1
DA:28,1
DA:29,1
DA:30,1
DA:31,1
DA:32,1
DA:33,1
DA:34,1
DA:35,1
DA:36,1
DA:37,1
DA:38,1
DA:39,1
DA:40,1
DA:41,1
DA:42,1
DA:43,1
DA:44,1
DA:45,1
DA:46,1
DA:47,1
DA:48,1
DA:49,1
DA:50,1
DA:51,1
DA:52,1
DA:53,1
DA:54,1
DA:55,1
DA:56,1
DA:57,1
DA:58,1
DA:59,1
DA:60,1
DA:61,1
DA:62,1
DA:63,1
DA:64,1
DA:65,1
DA:66,1
DA:67,1
DA:68,1
DA:69,1
DA:70,1
DA:71,1
DA:72,1
DA:73,1
DA:74,1
DA:75,1
DA:76,1
DA:77,1
DA:78,1
DA:79,1
DA:80,1
DA:81,1
DA:82,1
DA:83,1
LF:83
LH:79
BRDA:6,0,0,2
BRDA:10,1,0,0
BRDA:13,2,0,0
BRDA:14,3,0,0
BRDA:15,4,0,0
BRDA:16,5,0,0
BRDA:44,6,0,1
BRDA:46,7,0,1
BRDA:48,8,0,1
BRDA:72,9,0,1
BRDA:76,10,0,0
BRDA:77,11,0,0
BRF:12
BRH:5
end_of_record
TN:
SF:src/reporter.ts
FN:12,minimumGuard
FN:30,Reporter
FN:42,write
FN:48,writeLine
FN:54,severityStyle
FN:66,getLines
FN:124,render
FN:131,render_header
FN:145,render_cause
FN:158,render_snippets
FN:282,render_footer
FNF:11
FNH:11
FNDA:22,minimumGuard
FNDA:5,Reporter
FNDA:20,write
FNDA:80,writeLine
FNDA:10,severityStyle
FNDA:5,getLines
FNDA:5,render
FNDA:5,render_header
FNDA:5,render_cause
FNDA:5,render_snippets
FNDA:5,render_footer
DA:1,1
DA:2,1
DA:3,1
DA:4,1
DA:5,1
DA:6,1
DA:7,1
DA:8,1
DA:9,1
DA:10,1
DA:11,1
DA:12,22
DA:13,22
DA:14,0
DA:15,0
DA:16,22
DA:17,22
DA:18,22
DA:19,1
DA:20,1
DA:21,1
DA:22,1
DA:23,1
DA:24,1
DA:25,1
DA:26,1
DA:27,1
DA:28,1
DA:29,1
DA:30,1
DA:31,5
DA:32,5
DA:33,5
DA:34,5
DA:35,5
DA:36,5
DA:37,5
DA:38,5
DA:39,5
DA:40,5
DA:41,1
DA:42,1
DA:43,20
DA:44,20
DA:45,20
DA:46,20
DA:47,1
DA:48,1
DA:49,80
DA:50,80
DA:51,80
DA:52,80
DA:53,1
DA:54,1
DA:55,10
DA:56,0
DA:57,0
DA:58,10
DA:59,10
DA:60,0
DA:61,0
DA:62,10
DA:63,10
DA:64,10
DA:65,1
DA:66,1
DA:67,5
DA:68,5
DA:69,5
DA:70,5
DA:71,5
DA:72,5
DA:73,5
DA:74,5
DA:75,5
DA:76,5
DA:77,5
DA:78,387
DA:79,387
DA:80,387
DA:81,0
DA:82,0
DA:83,0
DA:84,0
DA:85,0
DA:86,0
DA:87,0
DA:88,0
DA:89,0
DA:90,387
DA:91,387
DA:92,22
DA:93,22
DA:94,22
DA:95,387
DA:96,387
DA:97,365
DA:98,365
DA:99,365
DA:100,387
DA:101,387
DA:102,87
DA:103,87
DA:104,387
DA:105,387
DA:106,0
DA:107,0
DA:108,387
DA:109,387
DA:110,22
DA:111,22
DA:112,22
DA:113,22
DA:114,22
DA:115,22
DA:116,22
DA:117,22
DA:118,22
DA:119,5
DA:120,5
DA:121,5
DA:122,5
DA:123,1
DA:124,1
DA:125,5
DA:126,5
DA:127,5
DA:128,5
DA:129,5
DA:130,1
DA:131,1
DA:132,5
DA:133,4
DA:134,4
DA:135,4
DA:136,4
DA:137,4
DA:138,5
DA:139,1
DA:140,1
DA:141,1
DA:142,1
DA:143,5
DA:144,1
DA:145,1
DA:146,5
DA:147,5
DA:148,5
DA:149,5
DA:150,5
DA:151,5
DA:152,5
DA:153,5
DA:154,5
DA:155,5
DA:156,5
DA:157,1
DA:158,1
DA:159,5
DA:160,5
DA:161,5
DA:162,5
DA:163,5
DA:164,5
DA:165,5
DA:166,5
DA:167,5
DA:168,5
DA:169,5
DA:170,5
DA:171,5
DA:172,5
DA:173,5
DA:174,5
DA:175,5
DA:176,5
DA:177,5
DA:178,5
DA:179,5
DA:180,22
DA:181,22
DA:182,22
DA:183,22
DA:184,22
DA:185,22
DA:186,22
DA:187,22
DA:188,22
DA:189,22
DA:190,22
DA:191,32
DA:192,22
DA:193,22
DA:194,11
DA:195,11
DA:196,11
DA:197,11
DA:198,11
DA:199,11
DA:200,22
DA:201,22
DA:202,4
DA:203,22
DA:204,22
DA:205,22
DA:206,22
DA:207,15
DA:208,15
DA:209,7
DA:210,7
DA:211,7
DA:212,7
DA:213,11
DA:214,11
DA:215,11
DA:216,11
DA:217,11
DA:218,11
DA:219,11
DA:220,11
DA:221,11
DA:222,11
DA:223,11
DA:224,11
DA:225,11
DA:226,11
DA:227,7
DA:228,7
DA:229,7
DA:230,22
DA:231,22
DA:232,22
DA:233,22
DA:234,22
DA:235,22
DA:236,22
DA:237,22
DA:238,22
DA:239,22
DA:240,22
DA:241,11
DA:242,11
DA:243,17
DA:244,17
DA:245,11
DA:246,11
DA:247,11
DA:248,11
DA:249,11
DA:250,11
DA:251,11
DA:252,11
DA:253,11
DA:254,11
DA:255,11
DA:256,11
DA:257,11
DA:258,17
DA:259,6
DA:260,6
DA:261,6
DA:262,6
DA:263,6
DA:264,6
DA:265,11
DA:266,11
DA:267,11
DA:268,11
DA:269,11
DA:270,11
DA:271,11
DA:272,11
DA:273,5
DA:274,5
DA:275,5
DA:276,5
DA:277,5
DA:278,5
DA:279,5
DA:280,5
DA:281,1
DA:282,1
DA:283,5
DA:284,5
DA:285,5
DA:286,5
DA:287,5
DA:288,5
DA:289,5
DA:290,1
LF:290
LH:273
BRDA:12,0,0,22
BRDA:13,1,0,0
BRDA:30,2,0,5
BRDA:42,3,0,20
BRDA:48,4,0,80
BRDA:54,5,0,10
BRDA:55,6,0,0
BRDA:59,7,0,0
BRDA:66,8,0,5
BRDA:77,9,0,387
BRDA:80,10,0,0
BRDA:91,11,0,22
BRDA:96,12,0,365
BRDA:96,13,0,365
BRDA:101,14,0,87
BRDA:105,15,0,0
BRDA:105,16,0,0
BRDA:109,17,0,365
BRDA:109,18,0,22
BRDA:124,19,0,5
BRDA:131,20,0,5
BRDA:132,21,0,4
BRDA:138,22,0,1
BRDA:145,23,0,5
BRDA:158,24,0,5
BRDA:165,25,0,22
BRDA:166,26,0,17
BRDA:179,27,0,22
BRDA:206,28,0,15
BRDA:209,29,0,7
BRDA:230,30,0,2
BRDA:230,31,0,5
BRDA:240,32,0,11
BRDA:190,33,0,32
BRDA:193,34,0,11
BRDA:201,35,0,4
BRDA:212,36,0,11
BRDA:242,37,0,17
BRDA:244,38,0,11
BRDA:258,39,0,6
BRDA:282,40,0,5
BRF:41
BRH:35
end_of_record
TN:
SF:src/theme.ts
FN:7,unicode
FN:35,ascii
FN:81,ascii
FN:88,unicode
FNF:4
FNH:4
FNDA:6,unicode
FNDA:4,ascii
FNDA:4,ascii
FNDA:6,unicode
DA:1,1
DA:2,1
DA:3,1
DA:4,1
DA:5,1
DA:6,1
DA:7,1
DA:8,6
DA:9,6
DA:10,6
DA:11,6
DA:12,6
DA:13,6
DA:14,6
DA:15,6
DA:16,6
DA:17,6
DA:18,6
DA:19,6
DA:20,6
DA:21,6
DA:22,6
DA:23,6
DA:24,6
DA:25,6
DA:26,6
DA:27,6
DA:28,6
DA:29,6
DA:30,6
DA:31,6
DA:32,1
DA:33,1
DA:34,1
DA:35,1
DA:36,4
DA:37,4
DA:38,4
DA:39,4
DA:40,4
DA:41,4
DA:42,4
DA:43,4
DA:44,4
DA:45,4
DA:46,4
DA:47,4
DA:48,4
DA:49,4
DA:50,4
DA:51,4
DA:52,4
DA:53,4
DA:54,4
DA:55,4
DA:56,4
DA:57,4
DA:58,4
DA:59,4
DA:60,1
DA:61,1
DA:62,1
DA:63,1
DA:64,1
DA:65,1
DA:66,1
DA:67,1
DA:68,1
DA:69,1
DA:70,1
DA:71,1
DA:72,1
DA:73,1
DA:74,1
DA:75,1
DA:76,1
DA:77,1
DA:78,1
DA:79,1
DA:80,1
DA:81,1
DA:82,4
DA:83,4
DA:84,4
DA:85,4
DA:86,1
DA:87,1
DA:88,1
DA:89,6
DA:90,6
DA:91,6
DA:92,6
DA:93,1
DA:94,1
LF:94
LH:94
BRDA:7,0,0,6
BRDA:35,1,0,4
BRDA:81,2,0,4
BRDA:88,3,0,6
BRF:4
BRH:4
end_of_record
